Release 14.7 - xst P.20131013 (lin64)
Copyright (c) 1995-2013 Xilinx, Inc.  All rights reserved.
--> 
Parameter TMPDIR set to xst/projnav.tmp


Total REAL time to Xst completion: 0.00 secs
Total CPU time to Xst completion: 0.20 secs
 
--> 
Parameter xsthdpdir set to xst


Total REAL time to Xst completion: 0.00 secs
Total CPU time to Xst completion: 0.20 secs
 
--> 
Reading design: Divisor.prj

TABLE OF CONTENTS
  1) Synthesis Options Summary
  2) HDL Compilation
  3) Design Hierarchy Analysis
  4) HDL Analysis
  5) HDL Synthesis
     5.1) HDL Synthesis Report
  6) Advanced HDL Synthesis
     6.1) Advanced HDL Synthesis Report
  7) Low Level Synthesis
  8) Partition Report
  9) Final Report
	9.1) Device utilization summary
	9.2) Partition Resource Summary
	9.3) TIMING REPORT


=========================================================================
*                      Synthesis Options Summary                        *
=========================================================================
---- Source Parameters
Input File Name                    : "Divisor.prj"
Input Format                       : mixed
Ignore Synthesis Constraint File   : NO

---- Target Parameters
Output File Name                   : "Divisor"
Output Format                      : NGC
Target Device                      : xc3s1600e-4-fg320

---- Source Options
Top Module Name                    : Divisor
Automatic FSM Extraction           : YES
FSM Encoding Algorithm             : Auto
Safe Implementation                : No
FSM Style                          : LUT
RAM Extraction                     : Yes
RAM Style                          : Auto
ROM Extraction                     : Yes
Mux Style                          : Auto
Decoder Extraction                 : YES
Priority Encoder Extraction        : Yes
Shift Register Extraction          : YES
Logical Shifter Extraction         : YES
XOR Collapsing                     : YES
ROM Style                          : Auto
Mux Extraction                     : Yes
Resource Sharing                   : YES
Asynchronous To Synchronous        : NO
Multiplier Style                   : Auto
Automatic Register Balancing       : No

---- Target Options
Add IO Buffers                     : YES
Global Maximum Fanout              : 500
Add Generic Clock Buffer(BUFG)     : 24
Register Duplication               : YES
Slice Packing                      : YES
Optimize Instantiated Primitives   : NO
Use Clock Enable                   : Yes
Use Synchronous Set                : Yes
Use Synchronous Reset              : Yes
Pack IO Registers into IOBs        : Auto
Equivalent register Removal        : YES

---- General Options
Optimization Goal                  : Speed
Optimization Effort                : 1
Keep Hierarchy                     : No
Netlist Hierarchy                  : As_Optimized
RTL Output                         : Yes
Global Optimization                : AllClockNets
Read Cores                         : YES
Write Timing Constraints           : NO
Cross Clock Analysis               : NO
Hierarchy Separator                : /
Bus Delimiter                      : <>
Case Specifier                     : Maintain
Slice Utilization Ratio            : 100
BRAM Utilization Ratio             : 100
Verilog 2001                       : YES
Auto BRAM Packing                  : NO
Slice Utilization Ratio Delta      : 5

=========================================================================


=========================================================================
*                          HDL Compilation                              *
=========================================================================
Compiling vhdl file "/home/ise/Documents/Proyecto/Divisor_Freq/Div.vhd" in Library work.
Entity <Divisor> compiled.
Entity <Divisor> (Architecture <Behavioral>) compiled.

=========================================================================
*                     Design Hierarchy Analysis                         *
=========================================================================
Analyzing hierarchy for entity <Divisor> in library <work> (architecture <Behavioral>) with generics.
	N = 50000000


=========================================================================
*                            HDL Analysis                               *
=========================================================================
Analyzing generic Entity <Divisor> in library <work> (Architecture <Behavioral>).
	N = 50000000
Entity <Divisor> analyzed. Unit <Divisor> generated.


=========================================================================
*                           HDL Synthesis                               *
=========================================================================

Performing bidirectional port resolution...

Synthesizing Unit <Divisor>.
    Related source file is "/home/ise/Documents/Proyecto/Divisor_Freq/Div.vhd".
    Found 32-bit up counter for signal <count>.
    Found 1-bit register for signal <max>.
    Summary:
	inferred   1 Counter(s).
	inferred   1 D-type flip-flop(s).
Unit <Divisor> synthesized.


=========================================================================
HDL Synthesis Report

Macro Statistics
# Counters                                             : 1
 32-bit up counter                                     : 1
# Registers                                            : 1
 1-bit register                                        : 1

=========================================================================

=========================================================================
*                       Advanced HDL Synthesis                          *
=========================================================================


=========================================================================
Advanced HDL Synthesis Report

Macro Statistics
# Counters                                             : 1
 32-bit up counter                                     : 1
# Registers                                            : 1
 Flip-Flops                                            : 1

=========================================================================

=========================================================================
*                         Low Level Synthesis                           *
=========================================================================

Optimizing unit <Divisor> ...

Mapping all equations...
Building and optimizing final netlist ...
Found area constraint ratio of 100 (+ 5) on block Divisor, actual ratio is 0.

Final Macro Processing ...

=========================================================================
Final Register Report

Macro Statistics
# Registers                                            : 33
 Flip-Flops                                            : 33

=========================================================================

=========================================================================
*                           Partition Report                            *
=========================================================================

Partition Implementation Status
-------------------------------

  No Partitions were found in this design.

-------------------------------

=========================================================================
*                            Final Report                               *
=========================================================================
Final Results
RTL Top Level Output File Name     : Divisor.ngr
Top Level Output File Name         : Divisor
Output Format                      : NGC
Optimization Goal                  : Speed
Keep Hierarchy                     : No

Design Statistics
# IOs                              : 3

Cell Usage :
# BELS                             : 147
#      GND                         : 1
#      INV                         : 3
#      LUT1                        : 31
#      LUT2                        : 32
#      LUT4                        : 8
#      MUXCY                       : 39
#      VCC                         : 1
#      XORCY                       : 32
# FlipFlops/Latches                : 33
#      FDC                         : 32
#      FDCE                        : 1
# Clock Buffers                    : 1
#      BUFGP                       : 1
# IO Buffers                       : 2
#      IBUF                        : 1
#      OBUF                        : 1
=========================================================================

Device utilization summary:
---------------------------

Selected Device : 3s1600efg320-4 

 Number of Slices:                       39  out of  14752     0%  
 Number of Slice Flip Flops:             33  out of  29504     0%  
 Number of 4 input LUTs:                 74  out of  29504     0%  
 Number of IOs:                           3
 Number of bonded IOBs:                   3  out of    250     1%  
 Number of GCLKs:                         1  out of     24     4%  

---------------------------
Partition Resource Summary:
---------------------------

  No Partitions were found in this design.

---------------------------


=========================================================================
TIMING REPORT

NOTE: THESE TIMING NUMBERS ARE ONLY A SYNTHESIS ESTIMATE.
      FOR ACCURATE TIMING INFORMATION PLEASE REFER TO THE TRACE REPORT
      GENERATED AFTER PLACE-and-ROUTE.

Clock Information:
------------------
-----------------------------------+------------------------+-------+
Clock Signal                       | Clock buffer(FF name)  | Load  |
-----------------------------------+------------------------+-------+
clk                                | BUFGP                  | 33    |
-----------------------------------+------------------------+-------+

Asynchronous Control Signals Information:
----------------------------------------
-----------------------------------+------------------------+-------+
Control Signal                     | Buffer(FF name)        | Load  |
-----------------------------------+------------------------+-------+
rst_inv(rst_inv1_INV_0:O)          | NONE(count_0)          | 33    |
-----------------------------------+------------------------+-------+

Timing Summary:
---------------
Speed Grade: -4

   Minimum period: 6.407ns (Maximum Frequency: 156.079MHz)
   Minimum input arrival time before clock: No path found
   Maximum output required time after clock: 4.310ns
   Maximum combinational path delay: No path found

Timing Detail:
--------------
All values displayed in nanoseconds (ns)

=========================================================================
Timing constraint: Default period analysis for Clock 'clk'
  Clock period: 6.407ns (frequency: 156.079MHz)
  Total number of paths / destination ports: 1585 / 34
-------------------------------------------------------------------------
Delay:               6.407ns (Levels of Logic = 33)
  Source:            count_1 (FF)
  Destination:       count_31 (FF)
  Source Clock:      clk rising
  Destination Clock: clk rising

  Data Path: count_1 to count_31
                                Gate     Net
    Cell:in->out      fanout   Delay   Delay  Logical Name (Net Name)
    ----------------------------------------  ------------
     FDC:C->Q              2   0.591   0.622  count_1 (count_1)
     LUT1:I0->O            1   0.704   0.000  Mcount_count_cy<1>_rt (Mcount_count_cy<1>_rt)
     MUXCY:S->O            1   0.464   0.000  Mcount_count_cy<1> (Mcount_count_cy<1>)
     MUXCY:CI->O           1   0.059   0.000  Mcount_count_cy<2> (Mcount_count_cy<2>)
     MUXCY:CI->O           1   0.059   0.000  Mcount_count_cy<3> (Mcount_count_cy<3>)
     MUXCY:CI->O           1   0.059   0.000  Mcount_count_cy<4> (Mcount_count_cy<4>)
     MUXCY:CI->O           1   0.059   0.000  Mcount_count_cy<5> (Mcount_count_cy<5>)
     MUXCY:CI->O           1   0.059   0.000  Mcount_count_cy<6> (Mcount_count_cy<6>)
     MUXCY:CI->O           1   0.059   0.000  Mcount_count_cy<7> (Mcount_count_cy<7>)
     MUXCY:CI->O           1   0.059   0.000  Mcount_count_cy<8> (Mcount_count_cy<8>)
     MUXCY:CI->O           1   0.059   0.000  Mcount_count_cy<9> (Mcount_count_cy<9>)
     MUXCY:CI->O           1   0.059   0.000  Mcount_count_cy<10> (Mcount_count_cy<10>)
     MUXCY:CI->O           1   0.059   0.000  Mcount_count_cy<11> (Mcount_count_cy<11>)
     MUXCY:CI->O           1   0.059   0.000  Mcount_count_cy<12> (Mcount_count_cy<12>)
     MUXCY:CI->O           1   0.059   0.000  Mcount_count_cy<13> (Mcount_count_cy<13>)
     MUXCY:CI->O           1   0.059   0.000  Mcount_count_cy<14> (Mcount_count_cy<14>)
     MUXCY:CI->O           1   0.059   0.000  Mcount_count_cy<15> (Mcount_count_cy<15>)
     MUXCY:CI->O           1   0.059   0.000  Mcount_count_cy<16> (Mcount_count_cy<16>)
     MUXCY:CI->O           1   0.059   0.000  Mcount_count_cy<17> (Mcount_count_cy<17>)
     MUXCY:CI->O           1   0.059   0.000  Mcount_count_cy<18> (Mcount_count_cy<18>)
     MUXCY:CI->O           1   0.059   0.000  Mcount_count_cy<19> (Mcount_count_cy<19>)
     MUXCY:CI->O           1   0.059   0.000  Mcount_count_cy<20> (Mcount_count_cy<20>)
     MUXCY:CI->O           1   0.059   0.000  Mcount_count_cy<21> (Mcount_count_cy<21>)
     MUXCY:CI->O           1   0.059   0.000  Mcount_count_cy<22> (Mcount_count_cy<22>)
     MUXCY:CI->O           1   0.059   0.000  Mcount_count_cy<23> (Mcount_count_cy<23>)
     MUXCY:CI->O           1   0.059   0.000  Mcount_count_cy<24> (Mcount_count_cy<24>)
     MUXCY:CI->O           1   0.059   0.000  Mcount_count_cy<25> (Mcount_count_cy<25>)
     MUXCY:CI->O           1   0.059   0.000  Mcount_count_cy<26> (Mcount_count_cy<26>)
     MUXCY:CI->O           1   0.059   0.000  Mcount_count_cy<27> (Mcount_count_cy<27>)
     MUXCY:CI->O           1   0.059   0.000  Mcount_count_cy<28> (Mcount_count_cy<28>)
     MUXCY:CI->O           1   0.059   0.000  Mcount_count_cy<29> (Mcount_count_cy<29>)
     MUXCY:CI->O           0   0.059   0.000  Mcount_count_cy<30> (Mcount_count_cy<30>)
     XORCY:CI->O           1   0.804   0.499  Mcount_count_xor<31> (Result<31>)
     LUT2:I1->O            1   0.704   0.000  Mcount_count_eqn_311 (Mcount_count_eqn_31)
     FDC:D                     0.308          count_31
    ----------------------------------------
    Total                      6.407ns (5.286ns logic, 1.121ns route)
                                       (82.5% logic, 17.5% route)

=========================================================================
Timing constraint: Default OFFSET OUT AFTER for Clock 'clk'
  Total number of paths / destination ports: 1 / 1
-------------------------------------------------------------------------
Offset:              4.310ns (Levels of Logic = 1)
  Source:            max (FF)
  Destination:       dout (PAD)
  Source Clock:      clk rising

  Data Path: max to dout
                                Gate     Net
    Cell:in->out      fanout   Delay   Delay  Logical Name (Net Name)
    ----------------------------------------  ------------
     FDCE:C->Q             2   0.591   0.447  max (max)
     OBUF:I->O                 3.272          dout_OBUF (dout)
    ----------------------------------------
    Total                      4.310ns (3.863ns logic, 0.447ns route)
                                       (89.6% logic, 10.4% route)

=========================================================================


Total REAL time to Xst completion: 19.00 secs
Total CPU time to Xst completion: 18.38 secs
 
--> 


Total memory usage is 607928 kilobytes

Number of errors   :    0 (   0 filtered)
Number of warnings :    0 (   0 filtered)
Number of infos    :    0 (   0 filtered)

